<?xml version='1.0' encoding='UTF-8'?>
<testsuite hostname="DESKTOP-HIJL9CP" name="LivreTest" tests="4" errors="0" failures="0" skipped="0" time="0.14" timestamp="2023-10-31T01:40:41">
          <properties>
[...]
</properties>
          <testcase classname="LivreTest" name="Livre should être emprunté avec succès" time="0.113">
                      
                    </testcase><testcase classname="LivreTest" name="Livre should gérer l'emprunt d'un livre déjà emprunté" time="0.017">
                      
                    </testcase><testcase classname="LivreTest" name="Livre should être rendu avec succès" time="0.007">
                      
                    </testcase><testcase classname="LivreTest" name="Livre should gérer le retour d'un livre non emprunté" time="0.003">
                      
                    </testcase>
          <system-out><![CDATA[]]></system-out>
          <system-err><![CDATA[]]></system-err>
        </testsuite>